<?xml version="1.0" encoding="UTF-8"?>
<!-- Generated by org.testng.reporters.JUnitReportReporter -->
<testsuite hostname="KARKHAN-LAP" name="com.oracle.qa.crm.testcases.ContactsPageTest" tests="1" failures="0" timestamp="9 Dec 2017 11:26:25 GMT" time="13.821" errors="0">
  <testcase name="verifyContactsPageLabel" time="13.821" classname="com.oracle.qa.crm.testcases.ContactsPageTest"/>
</testsuite> <!-- com.oracle.qa.crm.testcases.ContactsPageTest -->
