<?xml version="1.0" encoding="UTF-8"?>
<!-- Generated by org.testng.reporters.JUnitReportReporter -->
<testsuite hostname="KARKHAN-LAP" name="com.oracle.qa.crm.testcases.LoginPageTest" tests="3" failures="0" timestamp="9 Dec 2017 08:32:25 GMT" time="26.321" errors="0">
  <testcase name="crmLogoImageTest" time="8.718" classname="com.oracle.qa.crm.testcases.LoginPageTest"/>
  <testcase name="loginPageTitleTest" time="6.750" classname="com.oracle.qa.crm.testcases.LoginPageTest"/>
  <testcase name="loginTest" time="10.853" classname="com.oracle.qa.crm.testcases.LoginPageTest"/>
</testsuite> <!-- com.oracle.qa.crm.testcases.LoginPageTest -->
