<?xml version="1.0" encoding="UTF-8"?>
<!-- Generated by org.testng.reporters.JUnitReportReporter -->
<testsuite hostname="KARKHAN-LAP" name="com.oracle.qa.crm.testcases.HomePageTest" tests="3" failures="0" timestamp="9 Dec 2017 08:32:25 GMT" time="33.927" errors="0">
  <testcase name="verifyContactsLinkTest" time="12.407" classname="com.oracle.qa.crm.testcases.HomePageTest"/>
  <testcase name="verifyUserNameTest" time="11.057" classname="com.oracle.qa.crm.testcases.HomePageTest"/>
  <testcase name="verifyHomePageTitleTest" time="10.463" classname="com.oracle.qa.crm.testcases.HomePageTest"/>
</testsuite> <!-- com.oracle.qa.crm.testcases.HomePageTest -->
