<?xml version="1.0" encoding="UTF-8"?>
<!-- Generated by org.testng.reporters.JUnitReportReporter -->
<testsuite hostname="KARKHAN-LAP" name="com.oracle.qa.crm.testcases.ContactsPageTest" tests="6" failures="0" timestamp="9 Dec 2017 12:55:26 GMT" time="91.731" errors="0">
  <testcase name="validateCreateNewContact" time="17.561" classname="com.oracle.qa.crm.testcases.ContactsPageTest"/>
  <testcase name="validateCreateNewContact" time="17.327" classname="com.oracle.qa.crm.testcases.ContactsPageTest"/>
  <testcase name="selectSingleContactsTest" time="13.346" classname="com.oracle.qa.crm.testcases.ContactsPageTest"/>
  <testcase name="verifyContactsPageLabel" time="12.853" classname="com.oracle.qa.crm.testcases.ContactsPageTest"/>
  <testcase name="selectMultipleContactsTest" time="13.825" classname="com.oracle.qa.crm.testcases.ContactsPageTest"/>
  <testcase name="validateCreateNewContact" time="16.819" classname="com.oracle.qa.crm.testcases.ContactsPageTest"/>
</testsuite> <!-- com.oracle.qa.crm.testcases.ContactsPageTest -->
