<?xml version="1.0" encoding="UTF-8"?>
<!-- Generated by org.testng.reporters.JUnitReportReporter -->
<testsuite hostname="KARKHAN-LAP" name="com.oracle.qa.crm.testcases.LoginPageTest" tests="3" failures="0" timestamp="9 Dec 2017 12:55:26 GMT" time="26.337" errors="0">
  <testcase name="loginPageTitleTest" time="7.489" classname="com.oracle.qa.crm.testcases.LoginPageTest"/>
  <testcase name="loginTest" time="11.175" classname="com.oracle.qa.crm.testcases.LoginPageTest"/>
  <testcase name="crmLogoImageTest" time="7.673" classname="com.oracle.qa.crm.testcases.LoginPageTest"/>
</testsuite> <!-- com.oracle.qa.crm.testcases.LoginPageTest -->
