<?xml version="1.0" encoding="UTF-8"?>
<!-- Generated by org.testng.reporters.JUnitReportReporter -->
<testsuite hostname="KARKHAN-LAP" name="com.oracle.qa.crm.testcases.HomePageTest" tests="3" failures="0" timestamp="9 Dec 2017 12:55:26 GMT" time="36.171" errors="0">
  <testcase name="verifyContactsLinkTest" time="12.824" classname="com.oracle.qa.crm.testcases.HomePageTest"/>
  <testcase name="verifyUserNameTest" time="11.649" classname="com.oracle.qa.crm.testcases.HomePageTest"/>
  <testcase name="verifyHomePageTitleTest" time="11.698" classname="com.oracle.qa.crm.testcases.HomePageTest"/>
</testsuite> <!-- com.oracle.qa.crm.testcases.HomePageTest -->
